ARM GAS  C:\Users\Akash\AppData\Local\Temp\ccqDVXkd.s 			page 1


   1              		.syntax unified
   2              		.cpu cortex-m3
   3              		.fpu softvfp
   4              		.eabi_attribute 20, 1
   5              		.eabi_attribute 21, 1
   6              		.eabi_attribute 23, 3
   7              		.eabi_attribute 24, 1
   8              		.eabi_attribute 25, 1
   9              		.eabi_attribute 26, 1
  10              		.eabi_attribute 30, 1
  11              		.eabi_attribute 34, 1
  12              		.eabi_attribute 18, 4
  13              		.thumb
  14              		.syntax unified
  15              		.file	"cymetadata.c"
  16              		.text
  17              	.Ltext0:
  18              		.cfi_sections	.debug_frame
  19              		.global	cy_metadata
  20              		.global	cy_meta_flashprotect
  21              		.global	cy_meta_wonvl
  22              		.global	cy_meta_custnvl
  23              		.global	cy_meta_configecc
  24              		.section	.cyconfigecc,"a",%progbits
  25              		.align	2
  26              		.type	cy_meta_configecc, %object
  27              		.size	cy_meta_configecc, 1144
  28              	cy_meta_configecc:
  29 0000 02       		.byte	2
  30 0001 52       		.byte	82
  31 0002 00       		.byte	0
  32 0003 40       		.byte	64
  33 0004 01       		.byte	1
  34 0005 5B       		.byte	91
  35 0006 00       		.byte	0
  36 0007 40       		.byte	64
  37 0008 02       		.byte	2
  38 0009 64       		.byte	100
  39 000a 00       		.byte	0
  40 000b 40       		.byte	64
  41 000c 02       		.byte	2
  42 000d 65       		.byte	101
  43 000e 00       		.byte	0
  44 000f 40       		.byte	64
  45 0010 02       		.byte	2
  46 0011 05       		.byte	5
  47 0012 01       		.byte	1
  48 0013 40       		.byte	64
  49 0014 01       		.byte	1
  50 0015 07       		.byte	7
  51 0016 01       		.byte	1
  52 0017 40       		.byte	64
  53 0018 08       		.byte	8
  54 0019 09       		.byte	9
  55 001a 01       		.byte	1
  56 001b 40       		.byte	64
  57 001c 48       		.byte	72
ARM GAS  C:\Users\Akash\AppData\Local\Temp\ccqDVXkd.s 			page 2


  58 001d 0A       		.byte	10
  59 001e 01       		.byte	1
  60 001f 40       		.byte	64
  61 0020 2B       		.byte	43
  62 0021 0B       		.byte	11
  63 0022 01       		.byte	1
  64 0023 40       		.byte	64
  65 0024 01       		.byte	1
  66 0025 15       		.byte	21
  67 0026 01       		.byte	1
  68 0027 40       		.byte	64
  69 0028 74       		.byte	116
  70 0029 18       		.byte	24
  71 002a 01       		.byte	1
  72 002b 40       		.byte	64
  73 002c 41       		.byte	65
  74 002d 19       		.byte	25
  75 002e 01       		.byte	1
  76 002f 40       		.byte	64
  77 0030 04       		.byte	4
  78 0031 1A       		.byte	26
  79 0032 01       		.byte	1
  80 0033 40       		.byte	64
  81 0034 43       		.byte	67
  82 0035 1B       		.byte	27
  83 0036 01       		.byte	1
  84 0037 40       		.byte	64
  85 0038 06       		.byte	6
  86 0039 40       		.byte	64
  87 003a 01       		.byte	1
  88 003b 40       		.byte	64
  89 003c 04       		.byte	4
  90 003d 41       		.byte	65
  91 003e 01       		.byte	1
  92 003f 40       		.byte	64
  93 0040 08       		.byte	8
  94 0041 42       		.byte	66
  95 0042 01       		.byte	1
  96 0043 40       		.byte	64
  97 0044 03       		.byte	3
  98 0045 43       		.byte	67
  99 0046 01       		.byte	1
 100 0047 40       		.byte	64
 101 0048 05       		.byte	5
 102 0049 46       		.byte	70
 103 004a 01       		.byte	1
 104 004b 40       		.byte	64
 105 004c 01       		.byte	1
 106 004d 47       		.byte	71
 107 004e 01       		.byte	1
 108 004f 40       		.byte	64
 109 0050 01       		.byte	1
 110 0051 48       		.byte	72
 111 0052 01       		.byte	1
 112 0053 40       		.byte	64
 113 0054 02       		.byte	2
 114 0055 49       		.byte	73
ARM GAS  C:\Users\Akash\AppData\Local\Temp\ccqDVXkd.s 			page 3


 115 0056 01       		.byte	1
 116 0057 40       		.byte	64
 117 0058 02       		.byte	2
 118 0059 4C       		.byte	76
 119 005a 01       		.byte	1
 120 005b 40       		.byte	64
 121 005c 0A       		.byte	10
 122 005d 4D       		.byte	77
 123 005e 01       		.byte	1
 124 005f 40       		.byte	64
 125 0060 04       		.byte	4
 126 0061 50       		.byte	80
 127 0062 01       		.byte	1
 128 0063 40       		.byte	64
 129 0064 02       		.byte	2
 130 0065 51       		.byte	81
 131 0066 01       		.byte	1
 132 0067 40       		.byte	64
 133 0068 61       		.byte	97
 134 0069 80       		.byte	-128
 135 006a 64       		.byte	100
 136 006b 40       		.byte	64
 137 006c 2F       		.byte	47
 138 006d 21       		.byte	33
 139 006e 8A       		.byte	-118
 140 006f 38       		.byte	56
 141 0070 8B       		.byte	-117
 142 0071 0D       		.byte	13
 143 0072 8A       		.byte	-118
 144 0073 72       		.byte	114
 145 0074 8B       		.byte	-117
 146 0075 0F       		.byte	15
 147 0076 E2       		.byte	-30
 148 0077 48       		.byte	72
 149 0078 E6       		.byte	-26
 150 0079 40       		.byte	64
 151 007a EE       		.byte	-18
 152 007b 04       		.byte	4
 153 007c 96       		.byte	-106
 154 007d 03       		.byte	3
 155 007e 97       		.byte	-105
 156 007f 02       		.byte	2
 157 0080 9B       		.byte	-101
 158 0081 48       		.byte	72
 159 0082 9E       		.byte	-98
 160 0083 05       		.byte	5
 161 0084 A5       		.byte	-91
 162 0085 08       		.byte	8
 163 0086 A6       		.byte	-90
 164 0087 20       		.byte	32
 165 0088 A7       		.byte	-89
 166 0089 20       		.byte	32
 167 008a EE       		.byte	-18
 168 008b 04       		.byte	4
 169 008c 01       		.byte	1
 170 008d 01       		.byte	1
 171 008e 04       		.byte	4
ARM GAS  C:\Users\Akash\AppData\Local\Temp\ccqDVXkd.s 			page 4


 172 008f 01       		.byte	1
 173 0090 0A       		.byte	10
 174 0091 02       		.byte	2
 175 0092 0E       		.byte	14
 176 0093 04       		.byte	4
 177 0094 10       		.byte	16
 178 0095 01       		.byte	1
 179 0096 16       		.byte	22
 180 0097 01       		.byte	1
 181 0098 1E       		.byte	30
 182 0099 01       		.byte	1
 183 009a 26       		.byte	38
 184 009b 04       		.byte	4
 185 009c 2A       		.byte	42
 186 009d 02       		.byte	2
 187 009e 32       		.byte	50
 188 009f 01       		.byte	1
 189 00a0 34       		.byte	52
 190 00a1 02       		.byte	2
 191 00a2 35       		.byte	53
 192 00a3 01       		.byte	1
 193 00a4 36       		.byte	54
 194 00a5 04       		.byte	4
 195 00a6 38       		.byte	56
 196 00a7 08       		.byte	8
 197 00a8 3A       		.byte	58
 198 00a9 02       		.byte	2
 199 00aa 3E       		.byte	62
 200 00ab 50       		.byte	80
 201 00ac 3F       		.byte	63
 202 00ad 10       		.byte	16
 203 00ae 40       		.byte	64
 204 00af 51       		.byte	81
 205 00b0 49       		.byte	73
 206 00b1 FF       		.byte	-1
 207 00b2 4A       		.byte	74
 208 00b3 FF       		.byte	-1
 209 00b4 4B       		.byte	75
 210 00b5 FF       		.byte	-1
 211 00b6 4F       		.byte	79
 212 00b7 01       		.byte	1
 213 00b8 50       		.byte	80
 214 00b9 18       		.byte	24
 215 00ba 54       		.byte	84
 216 00bb 18       		.byte	24
 217 00bc 56       		.byte	86
 218 00bd 04       		.byte	4
 219 00be 58       		.byte	88
 220 00bf 04       		.byte	4
 221 00c0 59       		.byte	89
 222 00c1 04       		.byte	4
 223 00c2 5A       		.byte	90
 224 00c3 04       		.byte	4
 225 00c4 5B       		.byte	91
 226 00c5 04       		.byte	4
 227 00c6 5C       		.byte	92
 228 00c7 01       		.byte	1
ARM GAS  C:\Users\Akash\AppData\Local\Temp\ccqDVXkd.s 			page 5


 229 00c8 5D       		.byte	93
 230 00c9 10       		.byte	16
 231 00ca 5F       		.byte	95
 232 00cb 01       		.byte	1
 233 00cc 60       		.byte	96
 234 00cd 40       		.byte	64
 235 00ce 62       		.byte	98
 236 00cf 40       		.byte	64
 237 00d0 64       		.byte	100
 238 00d1 40       		.byte	64
 239 00d2 65       		.byte	101
 240 00d3 40       		.byte	64
 241 00d4 66       		.byte	102
 242 00d5 80       		.byte	-128
 243 00d6 68       		.byte	104
 244 00d7 80       		.byte	-128
 245 00d8 6A       		.byte	106
 246 00d9 80       		.byte	-128
 247 00da 6C       		.byte	108
 248 00db 80       		.byte	-128
 249 00dc 6E       		.byte	110
 250 00dd 80       		.byte	-128
 251 00de 9E       		.byte	-98
 252 00df 01       		.byte	1
 253 00e0 AE       		.byte	-82
 254 00e1 01       		.byte	1
 255 00e2 B0       		.byte	-80
 256 00e3 01       		.byte	1
 257 00e4 BE       		.byte	-66
 258 00e5 01       		.byte	1
 259 00e6 C0       		.byte	-64
 260 00e7 41       		.byte	65
 261 00e8 C5       		.byte	-59
 262 00e9 EC       		.byte	-20
 263 00ea C6       		.byte	-58
 264 00eb 02       		.byte	2
 265 00ec C8       		.byte	-56
 266 00ed 07       		.byte	7
 267 00ee C9       		.byte	-55
 268 00ef FF       		.byte	-1
 269 00f0 CA       		.byte	-54
 270 00f1 FF       		.byte	-1
 271 00f2 CB       		.byte	-53
 272 00f3 FF       		.byte	-1
 273 00f4 CD       		.byte	-51
 274 00f5 83       		.byte	-125
 275 00f6 CE       		.byte	-50
 276 00f7 03       		.byte	3
 277 00f8 CF       		.byte	-49
 278 00f9 01       		.byte	1
 279 00fa D0       		.byte	-48
 280 00fb 18       		.byte	24
 281 00fc D2       		.byte	-46
 282 00fd 80       		.byte	-128
 283 00fe D4       		.byte	-44
 284 00ff 01       		.byte	1
 285 0100 D6       		.byte	-42
ARM GAS  C:\Users\Akash\AppData\Local\Temp\ccqDVXkd.s 			page 6


 286 0101 04       		.byte	4
 287 0102 D8       		.byte	-40
 288 0103 04       		.byte	4
 289 0104 DA       		.byte	-38
 290 0105 04       		.byte	4
 291 0106 DB       		.byte	-37
 292 0107 04       		.byte	4
 293 0108 DF       		.byte	-33
 294 0109 01       		.byte	1
 295 010a E0       		.byte	-32
 296 010b 40       		.byte	64
 297 010c E2       		.byte	-30
 298 010d 40       		.byte	64
 299 010e E4       		.byte	-28
 300 010f 40       		.byte	64
 301 0110 E5       		.byte	-27
 302 0111 40       		.byte	64
 303 0112 E6       		.byte	-26
 304 0113 80       		.byte	-128
 305 0114 E8       		.byte	-24
 306 0115 80       		.byte	-128
 307 0116 EA       		.byte	-22
 308 0117 80       		.byte	-128
 309 0118 EC       		.byte	-20
 310 0119 80       		.byte	-128
 311 011a EE       		.byte	-18
 312 011b 80       		.byte	-128
 313 011c 02       		.byte	2
 314 011d 01       		.byte	1
 315 011e 03       		.byte	3
 316 011f 28       		.byte	40
 317 0120 09       		.byte	9
 318 0121 08       		.byte	8
 319 0122 0A       		.byte	10
 320 0123 81       		.byte	-127
 321 0124 0D       		.byte	13
 322 0125 80       		.byte	-128
 323 0126 12       		.byte	18
 324 0127 24       		.byte	36
 325 0128 17       		.byte	23
 326 0129 80       		.byte	-128
 327 012a 19       		.byte	25
 328 012b 50       		.byte	80
 329 012c 1A       		.byte	26
 330 012d 80       		.byte	-128
 331 012e 1B       		.byte	27
 332 012f 08       		.byte	8
 333 0130 1E       		.byte	30
 334 0131 80       		.byte	-128
 335 0132 23       		.byte	35
 336 0133 08       		.byte	8
 337 0134 32       		.byte	50
 338 0135 40       		.byte	64
 339 0136 33       		.byte	51
 340 0137 40       		.byte	64
 341 0138 3B       		.byte	59
 342 0139 02       		.byte	2
ARM GAS  C:\Users\Akash\AppData\Local\Temp\ccqDVXkd.s 			page 7


 343 013a 41       		.byte	65
 344 013b 80       		.byte	-128
 345 013c 45       		.byte	69
 346 013d 80       		.byte	-128
 347 013e 46       		.byte	70
 348 013f 40       		.byte	64
 349 0140 48       		.byte	72
 350 0141 01       		.byte	1
 351 0142 4D       		.byte	77
 352 0143 04       		.byte	4
 353 0144 4F       		.byte	79
 354 0145 01       		.byte	1
 355 0146 55       		.byte	85
 356 0147 80       		.byte	-128
 357 0148 5A       		.byte	90
 358 0149 02       		.byte	2
 359 014a 5D       		.byte	93
 360 014b 04       		.byte	4
 361 014c 5E       		.byte	94
 362 014d 80       		.byte	-128
 363 014e 5F       		.byte	95
 364 014f 01       		.byte	1
 365 0150 61       		.byte	97
 366 0151 51       		.byte	81
 367 0152 67       		.byte	103
 368 0153 80       		.byte	-128
 369 0154 74       		.byte	116
 370 0155 01       		.byte	1
 371 0156 76       		.byte	118
 372 0157 40       		.byte	64
 373 0158 77       		.byte	119
 374 0159 80       		.byte	-128
 375 015a 87       		.byte	-121
 376 015b 40       		.byte	64
 377 015c 8D       		.byte	-115
 378 015d 01       		.byte	1
 379 015e C0       		.byte	-64
 380 015f 07       		.byte	7
 381 0160 C2       		.byte	-62
 382 0161 8D       		.byte	-115
 383 0162 C4       		.byte	-60
 384 0163 86       		.byte	-122
 385 0164 CE       		.byte	-50
 386 0165 01       		.byte	1
 387 0166 D0       		.byte	-48
 388 0167 98       		.byte	-104
 389 0168 D2       		.byte	-46
 390 0169 08       		.byte	8
 391 016a D6       		.byte	-42
 392 016b D1       		.byte	-47
 393 016c D8       		.byte	-40
 394 016d 8D       		.byte	-115
 395 016e E2       		.byte	-30
 396 016f 40       		.byte	64
 397 0170 E6       		.byte	-26
 398 0171 40       		.byte	64
 399 0172 EE       		.byte	-18
ARM GAS  C:\Users\Akash\AppData\Local\Temp\ccqDVXkd.s 			page 8


 400 0173 08       		.byte	8
 401 0174 00       		.byte	0
 402 0175 14       		.byte	20
 403 0176 09       		.byte	9
 404 0177 80       		.byte	-128
 405 0178 0A       		.byte	10
 406 0179 03       		.byte	3
 407 017a 0C       		.byte	12
 408 017b DC       		.byte	-36
 409 017c 0E       		.byte	14
 410 017d 22       		.byte	34
 411 017e 0F       		.byte	15
 412 017f 55       		.byte	85
 413 0180 11       		.byte	17
 414 0181 2A       		.byte	42
 415 0182 13       		.byte	19
 416 0183 44       		.byte	68
 417 0184 14       		.byte	20
 418 0185 09       		.byte	9
 419 0186 16       		.byte	22
 420 0187 D0       		.byte	-48
 421 0188 17       		.byte	23
 422 0189 08       		.byte	8
 423 018a 1C       		.byte	28
 424 018b 10       		.byte	16
 425 018c 1D       		.byte	29
 426 018d 73       		.byte	115
 427 018e 1E       		.byte	30
 428 018f 40       		.byte	64
 429 0190 1F       		.byte	31
 430 0191 0C       		.byte	12
 431 0192 20       		.byte	32
 432 0193 10       		.byte	16
 433 0194 22       		.byte	34
 434 0195 AC       		.byte	-84
 435 0196 25       		.byte	37
 436 0197 73       		.byte	115
 437 0198 27       		.byte	39
 438 0199 04       		.byte	4
 439 019a 28       		.byte	40
 440 019b 0C       		.byte	12
 441 019c 29       		.byte	41
 442 019d 03       		.byte	3
 443 019e 2A       		.byte	42
 444 019f 71       		.byte	113
 445 01a0 2B       		.byte	43
 446 01a1 44       		.byte	68
 447 01a2 2E       		.byte	46
 448 01a3 20       		.byte	32
 449 01a4 31       		.byte	49
 450 01a5 40       		.byte	64
 451 01a6 32       		.byte	50
 452 01a7 1F       		.byte	31
 453 01a8 33       		.byte	51
 454 01a9 80       		.byte	-128
 455 01aa 34       		.byte	52
 456 01ab E0       		.byte	-32
ARM GAS  C:\Users\Akash\AppData\Local\Temp\ccqDVXkd.s 			page 9


 457 01ac 35       		.byte	53
 458 01ad 30       		.byte	48
 459 01ae 37       		.byte	55
 460 01af 0F       		.byte	15
 461 01b0 39       		.byte	57
 462 01b1 20       		.byte	32
 463 01b2 3A       		.byte	58
 464 01b3 20       		.byte	32
 465 01b4 3B       		.byte	59
 466 01b5 80       		.byte	-128
 467 01b6 3F       		.byte	63
 468 01b7 15       		.byte	21
 469 01b8 40       		.byte	64
 470 01b9 03       		.byte	3
 471 01ba 47       		.byte	71
 472 01bb 40       		.byte	64
 473 01bc 49       		.byte	73
 474 01bd FF       		.byte	-1
 475 01be 4A       		.byte	74
 476 01bf 07       		.byte	7
 477 01c0 4B       		.byte	75
 478 01c1 FF       		.byte	-1
 479 01c2 4C       		.byte	76
 480 01c3 40       		.byte	64
 481 01c4 4D       		.byte	77
 482 01c5 20       		.byte	32
 483 01c6 4E       		.byte	78
 484 01c7 F0       		.byte	-16
 485 01c8 4F       		.byte	79
 486 01c9 05       		.byte	5
 487 01ca 50       		.byte	80
 488 01cb 08       		.byte	8
 489 01cc 58       		.byte	88
 490 01cd 04       		.byte	4
 491 01ce 59       		.byte	89
 492 01cf 04       		.byte	4
 493 01d0 5A       		.byte	90
 494 01d1 04       		.byte	4
 495 01d2 5C       		.byte	92
 496 01d3 11       		.byte	17
 497 01d4 5D       		.byte	93
 498 01d5 01       		.byte	1
 499 01d6 5F       		.byte	95
 500 01d7 01       		.byte	1
 501 01d8 60       		.byte	96
 502 01d9 40       		.byte	64
 503 01da 61       		.byte	97
 504 01db A8       		.byte	-88
 505 01dc 62       		.byte	98
 506 01dd 40       		.byte	64
 507 01de 63       		.byte	99
 508 01df 20       		.byte	32
 509 01e0 81       		.byte	-127
 510 01e1 01       		.byte	1
 511 01e2 82       		.byte	-126
 512 01e3 08       		.byte	8
 513 01e4 83       		.byte	-125
ARM GAS  C:\Users\Akash\AppData\Local\Temp\ccqDVXkd.s 			page 10


 514 01e5 0E       		.byte	14
 515 01e6 84       		.byte	-124
 516 01e7 C0       		.byte	-64
 517 01e8 89       		.byte	-119
 518 01e9 27       		.byte	39
 519 01ea 8C       		.byte	-116
 520 01eb 11       		.byte	17
 521 01ec 8D       		.byte	-115
 522 01ed 20       		.byte	32
 523 01ee 8E       		.byte	-114
 524 01ef 06       		.byte	6
 525 01f0 90       		.byte	-112
 526 01f1 0C       		.byte	12
 527 01f2 92       		.byte	-110
 528 01f3 13       		.byte	19
 529 01f4 96       		.byte	-106
 530 01f5 0C       		.byte	12
 531 01f6 98       		.byte	-104
 532 01f7 40       		.byte	64
 533 01f8 99       		.byte	-103
 534 01f9 27       		.byte	39
 535 01fa 9A       		.byte	-102
 536 01fb 80       		.byte	-128
 537 01fc 9C       		.byte	-100
 538 01fd 11       		.byte	17
 539 01fe 9E       		.byte	-98
 540 01ff 0E       		.byte	14
 541 0200 A4       		.byte	-92
 542 0201 C0       		.byte	-64
 543 0202 A5       		.byte	-91
 544 0203 02       		.byte	2
 545 0204 A7       		.byte	-89
 546 0205 11       		.byte	17
 547 0206 A8       		.byte	-88
 548 0207 80       		.byte	-128
 549 0208 A9       		.byte	-87
 550 0209 04       		.byte	4
 551 020a AA       		.byte	-86
 552 020b 40       		.byte	64
 553 020c AB       		.byte	-85
 554 020d 11       		.byte	17
 555 020e AC       		.byte	-84
 556 020f 20       		.byte	32
 557 0210 AE       		.byte	-82
 558 0211 03       		.byte	3
 559 0212 B0       		.byte	-80
 560 0213 0F       		.byte	15
 561 0214 B1       		.byte	-79
 562 0215 07       		.byte	7
 563 0216 B2       		.byte	-78
 564 0217 30       		.byte	48
 565 0218 B3       		.byte	-77
 566 0219 20       		.byte	32
 567 021a B4       		.byte	-76
 568 021b C0       		.byte	-64
 569 021c B7       		.byte	-73
 570 021d 18       		.byte	24
ARM GAS  C:\Users\Akash\AppData\Local\Temp\ccqDVXkd.s 			page 11


 571 021e B8       		.byte	-72
 572 021f 08       		.byte	8
 573 0220 BA       		.byte	-70
 574 0221 02       		.byte	2
 575 0222 BF       		.byte	-65
 576 0223 40       		.byte	64
 577 0224 C0       		.byte	-64
 578 0225 23       		.byte	35
 579 0226 C1       		.byte	-63
 580 0227 05       		.byte	5
 581 0228 C2       		.byte	-62
 582 0229 06       		.byte	6
 583 022a C4       		.byte	-60
 584 022b 01       		.byte	1
 585 022c C7       		.byte	-57
 586 022d CE       		.byte	-50
 587 022e C8       		.byte	-56
 588 022f 30       		.byte	48
 589 0230 C9       		.byte	-55
 590 0231 FF       		.byte	-1
 591 0232 CA       		.byte	-54
 592 0233 FF       		.byte	-1
 593 0234 CB       		.byte	-53
 594 0235 FF       		.byte	-1
 595 0236 CC       		.byte	-52
 596 0237 62       		.byte	98
 597 0238 CD       		.byte	-51
 598 0239 A0       		.byte	-96
 599 023a CE       		.byte	-50
 600 023b F0       		.byte	-16
 601 023c CF       		.byte	-49
 602 023d 41       		.byte	65
 603 023e D0       		.byte	-48
 604 023f 0C       		.byte	12
 605 0240 D8       		.byte	-40
 606 0241 04       		.byte	4
 607 0242 D9       		.byte	-39
 608 0243 04       		.byte	4
 609 0244 DA       		.byte	-38
 610 0245 04       		.byte	4
 611 0246 DC       		.byte	-36
 612 0247 11       		.byte	17
 613 0248 DD       		.byte	-35
 614 0249 01       		.byte	1
 615 024a DF       		.byte	-33
 616 024b 01       		.byte	1
 617 024c E6       		.byte	-26
 618 024d 40       		.byte	64
 619 024e E7       		.byte	-25
 620 024f 02       		.byte	2
 621 0250 E9       		.byte	-23
 622 0251 10       		.byte	16
 623 0252 EA       		.byte	-22
 624 0253 30       		.byte	48
 625 0254 EB       		.byte	-21
 626 0255 10       		.byte	16
 627 0256 ED       		.byte	-19
ARM GAS  C:\Users\Akash\AppData\Local\Temp\ccqDVXkd.s 			page 12


 628 0257 10       		.byte	16
 629 0258 EE       		.byte	-18
 630 0259 10       		.byte	16
 631 025a EF       		.byte	-17
 632 025b 12       		.byte	18
 633 025c 00       		.byte	0
 634 025d 02       		.byte	2
 635 025e 02       		.byte	2
 636 025f 10       		.byte	16
 637 0260 03       		.byte	3
 638 0261 01       		.byte	1
 639 0262 04       		.byte	4
 640 0263 90       		.byte	-112
 641 0264 06       		.byte	6
 642 0265 40       		.byte	64
 643 0266 08       		.byte	8
 644 0267 A0       		.byte	-96
 645 0268 0A       		.byte	10
 646 0269 90       		.byte	-112
 647 026a 0E       		.byte	14
 648 026b 10       		.byte	16
 649 026c 0F       		.byte	15
 650 026d 02       		.byte	2
 651 026e 10       		.byte	16
 652 026f 14       		.byte	20
 653 0270 13       		.byte	19
 654 0271 40       		.byte	64
 655 0272 15       		.byte	21
 656 0273 40       		.byte	64
 657 0274 16       		.byte	22
 658 0275 08       		.byte	8
 659 0276 17       		.byte	23
 660 0277 01       		.byte	1
 661 0278 18       		.byte	24
 662 0279 80       		.byte	-128
 663 027a 19       		.byte	25
 664 027b 19       		.byte	25
 665 027c 1A       		.byte	26
 666 027d 90       		.byte	-112
 667 027e 1C       		.byte	28
 668 027f 10       		.byte	16
 669 0280 1F       		.byte	31
 670 0281 10       		.byte	16
 671 0282 20       		.byte	32
 672 0283 01       		.byte	1
 673 0284 21       		.byte	33
 674 0285 07       		.byte	7
 675 0286 22       		.byte	34
 676 0287 04       		.byte	4
 677 0288 25       		.byte	37
 678 0289 80       		.byte	-128
 679 028a 26       		.byte	38
 680 028b 80       		.byte	-128
 681 028c 27       		.byte	39
 682 028d A5       		.byte	-91
 683 028e 28       		.byte	40
 684 028f 24       		.byte	36
ARM GAS  C:\Users\Akash\AppData\Local\Temp\ccqDVXkd.s 			page 13


 685 0290 29       		.byte	41
 686 0291 10       		.byte	16
 687 0292 2E       		.byte	46
 688 0293 08       		.byte	8
 689 0294 2F       		.byte	47
 690 0295 14       		.byte	20
 691 0296 30       		.byte	48
 692 0297 10       		.byte	16
 693 0298 33       		.byte	51
 694 0299 10       		.byte	16
 695 029a 35       		.byte	53
 696 029b 29       		.byte	41
 697 029c 36       		.byte	54
 698 029d A0       		.byte	-96
 699 029e 39       		.byte	57
 700 029f A2       		.byte	-94
 701 02a0 3A       		.byte	58
 702 02a1 10       		.byte	16
 703 02a2 3C       		.byte	60
 704 02a3 10       		.byte	16
 705 02a4 3D       		.byte	61
 706 02a5 40       		.byte	64
 707 02a6 3F       		.byte	63
 708 02a7 C0       		.byte	-64
 709 02a8 40       		.byte	64
 710 02a9 05       		.byte	5
 711 02aa 41       		.byte	65
 712 02ab 04       		.byte	4
 713 02ac 43       		.byte	67
 714 02ad 20       		.byte	32
 715 02ae 47       		.byte	71
 716 02af 04       		.byte	4
 717 02b0 49       		.byte	73
 718 02b1 60       		.byte	96
 719 02b2 52       		.byte	82
 720 02b3 05       		.byte	5
 721 02b4 54       		.byte	84
 722 02b5 01       		.byte	1
 723 02b6 57       		.byte	87
 724 02b7 41       		.byte	65
 725 02b8 59       		.byte	89
 726 02b9 40       		.byte	64
 727 02ba 5B       		.byte	91
 728 02bb 40       		.byte	64
 729 02bc 8C       		.byte	-116
 730 02bd 40       		.byte	64
 731 02be 8D       		.byte	-115
 732 02bf 10       		.byte	16
 733 02c0 96       		.byte	-106
 734 02c1 03       		.byte	3
 735 02c2 97       		.byte	-105
 736 02c3 02       		.byte	2
 737 02c4 9B       		.byte	-101
 738 02c5 48       		.byte	72
 739 02c6 9E       		.byte	-98
 740 02c7 05       		.byte	5
 741 02c8 A5       		.byte	-91
ARM GAS  C:\Users\Akash\AppData\Local\Temp\ccqDVXkd.s 			page 14


 742 02c9 08       		.byte	8
 743 02ca A6       		.byte	-90
 744 02cb 20       		.byte	32
 745 02cc A7       		.byte	-89
 746 02cd 20       		.byte	32
 747 02ce C0       		.byte	-64
 748 02cf DD       		.byte	-35
 749 02d0 C2       		.byte	-62
 750 02d1 AF       		.byte	-81
 751 02d2 C4       		.byte	-60
 752 02d3 D7       		.byte	-41
 753 02d4 CA       		.byte	-54
 754 02d5 66       		.byte	102
 755 02d6 CC       		.byte	-52
 756 02d7 D4       		.byte	-44
 757 02d8 CE       		.byte	-50
 758 02d9 3D       		.byte	61
 759 02da D0       		.byte	-48
 760 02db 4E       		.byte	78
 761 02dc D2       		.byte	-46
 762 02dd 0C       		.byte	12
 763 02de D4       		.byte	-44
 764 02df 01       		.byte	1
 765 02e0 DB       		.byte	-37
 766 02e1 04       		.byte	4
 767 02e2 DD       		.byte	-35
 768 02e3 10       		.byte	16
 769 02e4 DF       		.byte	-33
 770 02e5 01       		.byte	1
 771 02e6 00       		.byte	0
 772 02e7 44       		.byte	68
 773 02e8 03       		.byte	3
 774 02e9 40       		.byte	64
 775 02ea 08       		.byte	8
 776 02eb 04       		.byte	4
 777 02ec 09       		.byte	9
 778 02ed 0A       		.byte	10
 779 02ee 0A       		.byte	10
 780 02ef 09       		.byte	9
 781 02f0 10       		.byte	16
 782 02f1 A0       		.byte	-96
 783 02f2 11       		.byte	17
 784 02f3 40       		.byte	64
 785 02f4 13       		.byte	19
 786 02f5 10       		.byte	16
 787 02f6 18       		.byte	24
 788 02f7 04       		.byte	4
 789 02f8 19       		.byte	25
 790 02f9 05       		.byte	5
 791 02fa 1A       		.byte	26
 792 02fb 01       		.byte	1
 793 02fc 1B       		.byte	27
 794 02fd 40       		.byte	64
 795 02fe 21       		.byte	33
 796 02ff 08       		.byte	8
 797 0300 22       		.byte	34
 798 0301 21       		.byte	33
ARM GAS  C:\Users\Akash\AppData\Local\Temp\ccqDVXkd.s 			page 15


 799 0302 28       		.byte	40
 800 0303 04       		.byte	4
 801 0304 29       		.byte	41
 802 0305 44       		.byte	68
 803 0306 2B       		.byte	43
 804 0307 40       		.byte	64
 805 0308 30       		.byte	48
 806 0309 A0       		.byte	-96
 807 030a 31       		.byte	49
 808 030b 02       		.byte	2
 809 030c 32       		.byte	50
 810 030d 04       		.byte	4
 811 030e 38       		.byte	56
 812 030f 44       		.byte	68
 813 0310 3A       		.byte	58
 814 0311 02       		.byte	2
 815 0312 3B       		.byte	59
 816 0313 10       		.byte	16
 817 0314 41       		.byte	65
 818 0315 80       		.byte	-128
 819 0316 4B       		.byte	75
 820 0317 63       		.byte	99
 821 0318 52       		.byte	82
 822 0319 40       		.byte	64
 823 031a 53       		.byte	83
 824 031b 04       		.byte	4
 825 031c 59       		.byte	89
 826 031d 01       		.byte	1
 827 031e 5D       		.byte	93
 828 031f 10       		.byte	16
 829 0320 5F       		.byte	95
 830 0321 89       		.byte	-119
 831 0322 69       		.byte	105
 832 0323 A0       		.byte	-96
 833 0324 6B       		.byte	107
 834 0325 10       		.byte	16
 835 0326 70       		.byte	112
 836 0327 A0       		.byte	-96
 837 0328 73       		.byte	115
 838 0329 10       		.byte	16
 839 032a 7D       		.byte	125
 840 032b 10       		.byte	16
 841 032c 7F       		.byte	127
 842 032d 04       		.byte	4
 843 032e 8C       		.byte	-116
 844 032f 20       		.byte	32
 845 0330 8D       		.byte	-115
 846 0331 40       		.byte	64
 847 0332 8E       		.byte	-114
 848 0333 02       		.byte	2
 849 0334 90       		.byte	-112
 850 0335 40       		.byte	64
 851 0336 92       		.byte	-110
 852 0337 08       		.byte	8
 853 0338 93       		.byte	-109
 854 0339 60       		.byte	96
 855 033a 94       		.byte	-108
ARM GAS  C:\Users\Akash\AppData\Local\Temp\ccqDVXkd.s 			page 16


 856 033b 04       		.byte	4
 857 033c 95       		.byte	-107
 858 033d A0       		.byte	-96
 859 033e 96       		.byte	-106
 860 033f 03       		.byte	3
 861 0340 97       		.byte	-105
 862 0341 0A       		.byte	10
 863 0342 99       		.byte	-103
 864 0343 40       		.byte	64
 865 0344 9B       		.byte	-101
 866 0345 C8       		.byte	-56
 867 0346 9C       		.byte	-100
 868 0347 20       		.byte	32
 869 0348 9E       		.byte	-98
 870 0349 40       		.byte	64
 871 034a 9F       		.byte	-97
 872 034b 10       		.byte	16
 873 034c A1       		.byte	-95
 874 034d 82       		.byte	-126
 875 034e A5       		.byte	-91
 876 034f 08       		.byte	8
 877 0350 A6       		.byte	-90
 878 0351 20       		.byte	32
 879 0352 B0       		.byte	-80
 880 0353 80       		.byte	-128
 881 0354 B3       		.byte	-77
 882 0355 10       		.byte	16
 883 0356 B7       		.byte	-73
 884 0357 20       		.byte	32
 885 0358 C0       		.byte	-64
 886 0359 0D       		.byte	13
 887 035a C2       		.byte	-62
 888 035b 0F       		.byte	15
 889 035c C4       		.byte	-60
 890 035d 0F       		.byte	15
 891 035e CA       		.byte	-54
 892 035f 0F       		.byte	15
 893 0360 CC       		.byte	-52
 894 0361 0F       		.byte	15
 895 0362 CE       		.byte	-50
 896 0363 0F       		.byte	15
 897 0364 D0       		.byte	-48
 898 0365 08       		.byte	8
 899 0366 D2       		.byte	-46
 900 0367 0C       		.byte	12
 901 0368 D6       		.byte	-42
 902 0369 F1       		.byte	-15
 903 036a EE       		.byte	-18
 904 036b 08       		.byte	8
 905 036c 31       		.byte	49
 906 036d 01       		.byte	1
 907 036e 33       		.byte	51
 908 036f 20       		.byte	32
 909 0370 36       		.byte	54
 910 0371 84       		.byte	-124
 911 0372 3B       		.byte	59
 912 0373 80       		.byte	-128
ARM GAS  C:\Users\Akash\AppData\Local\Temp\ccqDVXkd.s 			page 17


 913 0374 CC       		.byte	-52
 914 0375 F0       		.byte	-16
 915 0376 CE       		.byte	-50
 916 0377 10       		.byte	16
 917 0378 97       		.byte	-105
 918 0379 80       		.byte	-128
 919 037a 9D       		.byte	-99
 920 037b 01       		.byte	1
 921 037c A6       		.byte	-90
 922 037d 84       		.byte	-124
 923 037e A7       		.byte	-89
 924 037f 20       		.byte	32
 925 0380 87       		.byte	-121
 926 0381 40       		.byte	64
 927 0382 8D       		.byte	-115
 928 0383 01       		.byte	1
 929 0384 8E       		.byte	-114
 930 0385 04       		.byte	4
 931 0386 97       		.byte	-105
 932 0387 80       		.byte	-128
 933 0388 9D       		.byte	-99
 934 0389 01       		.byte	1
 935 038a A6       		.byte	-90
 936 038b 84       		.byte	-124
 937 038c A7       		.byte	-89
 938 038d 20       		.byte	32
 939 038e E2       		.byte	-30
 940 038f 10       		.byte	16
 941 0390 A6       		.byte	-90
 942 0391 80       		.byte	-128
 943 0392 AB       		.byte	-85
 944 0393 20       		.byte	32
 945 0394 EE       		.byte	-18
 946 0395 20       		.byte	32
 947 0396 1A       		.byte	26
 948 0397 20       		.byte	32
 949 0398 1B       		.byte	27
 950 0399 04       		.byte	4
 951 039a 8E       		.byte	-114
 952 039b 10       		.byte	16
 953 039c C6       		.byte	-58
 954 039d 08       		.byte	8
 955 039e E2       		.byte	-30
 956 039f 02       		.byte	2
 957 03a0 AB       		.byte	-85
 958 03a1 04       		.byte	4
 959 03a2 A6       		.byte	-90
 960 03a3 80       		.byte	-128
 961 03a4 AE       		.byte	-82
 962 03a5 80       		.byte	-128
 963 03a6 EE       		.byte	-18
 964 03a7 10       		.byte	16
 965 03a8 1F       		.byte	31
 966 03a9 80       		.byte	-128
 967 03aa C6       		.byte	-58
 968 03ab 01       		.byte	1
 969 03ac 12       		.byte	18
ARM GAS  C:\Users\Akash\AppData\Local\Temp\ccqDVXkd.s 			page 18


 970 03ad 80       		.byte	-128
 971 03ae 72       		.byte	114
 972 03af 10       		.byte	16
 973 03b0 8E       		.byte	-114
 974 03b1 80       		.byte	-128
 975 03b2 92       		.byte	-110
 976 03b3 10       		.byte	16
 977 03b4 AF       		.byte	-81
 978 03b5 80       		.byte	-128
 979 03b6 B6       		.byte	-74
 980 03b7 10       		.byte	16
 981 03b8 C4       		.byte	-60
 982 03b9 08       		.byte	8
 983 03ba DC       		.byte	-36
 984 03bb 01       		.byte	1
 985 03bc E2       		.byte	-30
 986 03bd 02       		.byte	2
 987 03be EC       		.byte	-20
 988 03bf 08       		.byte	8
 989 03c0 00       		.byte	0
 990 03c1 03       		.byte	3
 991 03c2 0C       		.byte	12
 992 03c3 03       		.byte	3
 993 03c4 10       		.byte	16
 994 03c5 02       		.byte	2
 995 03c6 1C       		.byte	28
 996 03c7 02       		.byte	2
 997 03c8 00       		.byte	0
 998 03c9 FF       		.byte	-1
 999 03ca 01       		.byte	1
 1000 03cb 03       		.byte	3
 1001 03cc 3F       		.byte	63
 1002 03cd 44       		.byte	68
 1003 03ce 00       		.byte	0
 1004 03cf 00       		.byte	0
 1005 03d0 33       		.byte	51
 1006 03d1 E7       		.byte	-25
 1007 03d2 0C       		.byte	12
 1008 03d3 18       		.byte	24
 1009 03d4 00       		.byte	0
 1010 03d5 18       		.byte	24
 1011 03d6 00       		.byte	0
 1012 03d7 00       		.byte	0
 1013 03d8 02       		.byte	2
 1014 03d9 80       		.byte	-128
 1015 03da 00       		.byte	0
 1016 03db 00       		.byte	0
 1017 03dc 03       		.byte	3
 1018 03dd C0       		.byte	-64
 1019 03de 00       		.byte	0
 1020 03df 00       		.byte	0
 1021 03e0 1C       		.byte	28
 1022 03e1 00       		.byte	0
 1023 03e2 23       		.byte	35
 1024 03e3 E3       		.byte	-29
 1025 03e4 00       		.byte	0
 1026 03e5 08       		.byte	8
ARM GAS  C:\Users\Akash\AppData\Local\Temp\ccqDVXkd.s 			page 19


 1027 03e6 23       		.byte	35
 1028 03e7 00       		.byte	0
 1029 03e8 1F       		.byte	31
 1030 03e9 10       		.byte	16
 1031 03ea 20       		.byte	32
 1032 03eb 00       		.byte	0
 1033 03ec 08       		.byte	8
 1034 03ed 1C       		.byte	28
 1035 03ee 00       		.byte	0
 1036 03ef E1       		.byte	-31
 1037 03f0 04       		.byte	4
 1038 03f1 00       		.byte	0
 1039 03f2 00       		.byte	0
 1040 03f3 04       		.byte	4
 1041 03f4 0C       		.byte	12
 1042 03f5 3C       		.byte	60
 1043 03f6 00       		.byte	0
 1044 03f7 C2       		.byte	-62
 1045 03f8 01       		.byte	1
 1046 03f9 FF       		.byte	-1
 1047 03fa 40       		.byte	64
 1048 03fb 00       		.byte	0
 1049 03fc 10       		.byte	16
 1050 03fd C0       		.byte	-64
 1051 03fe 40       		.byte	64
 1052 03ff 1F       		.byte	31
 1053 0400 0F       		.byte	15
 1054 0401 38       		.byte	56
 1055 0402 2C       		.byte	44
 1056 0403 00       		.byte	0
 1057 0404 00       		.byte	0
 1058 0405 00       		.byte	0
 1059 0406 A0       		.byte	-96
 1060 0407 08       		.byte	8
 1061 0408 00       		.byte	0
 1062 0409 00       		.byte	0
 1063 040a 01       		.byte	1
 1064 040b 00       		.byte	0
 1065 040c 15       		.byte	21
 1066 040d 06       		.byte	6
 1067 040e 00       		.byte	0
 1068 040f 00       		.byte	0
 1069 0410 00       		.byte	0
 1070 0411 E0       		.byte	-32
 1071 0412 0B       		.byte	11
 1072 0413 0C       		.byte	12
 1073 0414 16       		.byte	22
 1074 0415 FF       		.byte	-1
 1075 0416 FF       		.byte	-1
 1076 0417 FF       		.byte	-1
 1077 0418 00       		.byte	0
 1078 0419 00       		.byte	0
 1079 041a F0       		.byte	-16
 1080 041b 44       		.byte	68
 1081 041c 0C       		.byte	12
 1082 041d 00       		.byte	0
 1083 041e 00       		.byte	0
ARM GAS  C:\Users\Akash\AppData\Local\Temp\ccqDVXkd.s 			page 20


 1084 041f 00       		.byte	0
 1085 0420 00       		.byte	0
 1086 0421 00       		.byte	0
 1087 0422 02       		.byte	2
 1088 0423 13       		.byte	19
 1089 0424 04       		.byte	4
 1090 0425 04       		.byte	4
 1091 0426 04       		.byte	4
 1092 0427 04       		.byte	4
 1093 0428 11       		.byte	17
 1094 0429 11       		.byte	17
 1095 042a 00       		.byte	0
 1096 042b 01       		.byte	1
 1097 042c 00       		.byte	0
 1098 042d 00       		.byte	0
 1099 042e 00       		.byte	0
 1100 042f 00       		.byte	0
 1101 0430 00       		.byte	0
 1102 0431 00       		.byte	0
 1103 0432 C0       		.byte	-64
 1104 0433 00       		.byte	0
 1105 0434 00       		.byte	0
 1106 0435 00       		.byte	0
 1107 0436 40       		.byte	64
 1108 0437 02       		.byte	2
 1109 0438 00       		.byte	0
 1110 0439 00       		.byte	0
 1111 043a 00       		.byte	0
 1112 043b 00       		.byte	0
 1113 043c 00       		.byte	0
 1114 043d 00       		.byte	0
 1115 043e 00       		.byte	0
 1116 043f 00       		.byte	0
 1117 0440 00       		.byte	0
 1118 0441 00       		.byte	0
 1119 0442 00       		.byte	0
 1120 0443 00       		.byte	0
 1121 0444 00       		.byte	0
 1122 0445 00       		.byte	0
 1123 0446 00       		.byte	0
 1124 0447 00       		.byte	0
 1125 0448 00       		.byte	0
 1126 0449 00       		.byte	0
 1127 044a 00       		.byte	0
 1128 044b 00       		.byte	0
 1129 044c 00       		.byte	0
 1130 044d 00       		.byte	0
 1131 044e 00       		.byte	0
 1132 044f 00       		.byte	0
 1133 0450 00       		.byte	0
 1134 0451 00       		.byte	0
 1135 0452 D4       		.byte	-44
 1136 0453 00       		.byte	0
 1137 0454 80       		.byte	-128
 1138 0455 00       		.byte	0
 1139 0456 40       		.byte	64
 1140 0457 80       		.byte	-128
ARM GAS  C:\Users\Akash\AppData\Local\Temp\ccqDVXkd.s 			page 21


 1141 0458 80       		.byte	-128
 1142 0459 00       		.byte	0
 1143 045a 80       		.byte	-128
 1144 045b 00       		.byte	0
 1145 045c 00       		.byte	0
 1146 045d 00       		.byte	0
 1147 045e 00       		.byte	0
 1148 045f 00       		.byte	0
 1149 0460 00       		.byte	0
 1150 0461 0B       		.byte	11
 1151 0462 0B       		.byte	11
 1152 0463 00       		.byte	0
 1153 0464 00       		.byte	0
 1154 0465 00       		.byte	0
 1155 0466 20       		.byte	32
 1156 0467 00       		.byte	0
 1157 0468 00       		.byte	0
 1158 0469 00       		.byte	0
 1159 046a 00       		.byte	0
 1160 046b 00       		.byte	0
 1161 046c 00       		.byte	0
 1162 046d 00       		.byte	0
 1163 046e 01       		.byte	1
 1164 046f 00       		.byte	0
 1165 0470 15       		.byte	21
 1166 0471 00       		.byte	0
 1167 0472 18       		.byte	24
 1168 0473 01       		.byte	1
 1169 0474 17       		.byte	23
 1170 0475 00       		.byte	0
 1171 0476 18       		.byte	24
 1172 0477 01       		.byte	1
 1173              		.section	.cywolatch,"a",%progbits
 1174              		.align	2
 1175              		.type	cy_meta_wonvl, %object
 1176              		.size	cy_meta_wonvl, 4
 1177              	cy_meta_wonvl:
 1178 0000 BC       		.byte	-68
 1179 0001 90       		.byte	-112
 1180 0002 AC       		.byte	-84
 1181 0003 AF       		.byte	-81
 1182              		.section	.cycustnvl,"a",%progbits
 1183              		.align	2
 1184              		.type	cy_meta_custnvl, %object
 1185              		.size	cy_meta_custnvl, 4
 1186              	cy_meta_custnvl:
 1187 0000 00       		.byte	0
 1188 0001 00       		.byte	0
 1189 0002 40       		.byte	64
 1190 0003 05       		.byte	5
 1191              		.section	.cymeta,"a",%progbits
 1192              		.align	2
 1193              		.type	cy_metadata, %object
 1194              		.size	cy_metadata, 12
 1195              	cy_metadata:
 1196 0000 00       		.byte	0
 1197 0001 01       		.byte	1
ARM GAS  C:\Users\Akash\AppData\Local\Temp\ccqDVXkd.s 			page 22


 1198 0002 2E       		.byte	46
 1199 0003 16       		.byte	22
 1200 0004 10       		.byte	16
 1201 0005 69       		.byte	105
 1202 0006 00       		.byte	0
 1203 0007 01       		.byte	1
 1204 0008 00       		.byte	0
 1205 0009 00       		.byte	0
 1206 000a 00       		.byte	0
 1207 000b 00       		.byte	0
 1208              		.section	.cyflashprotect,"a",%progbits
 1209              		.align	2
 1210              		.type	cy_meta_flashprotect, %object
 1211              		.size	cy_meta_flashprotect, 256
 1212              	cy_meta_flashprotect:
 1213 0000 00000000 		.space	256
 1213      00000000 
 1213      00000000 
 1213      00000000 
 1213      00000000 
 1214              		.text
 1215              	.Letext0:
 1216              		.file 1 "c:\\program files (x86)\\cypress\\psoc creator\\4.4\\psoc creator\\import\\gnu\\arm\\5.4.
 1217              		.file 2 "c:\\program files (x86)\\cypress\\psoc creator\\4.4\\psoc creator\\import\\gnu\\arm\\5.4.
 1218              		.file 3 "Generated_Source\\PSoC5\\cymetadata.c"
 1219              		.section	.debug_info,"",%progbits
 1220              	.Ldebug_info0:
 1221 0000 32010000 		.4byte	0x132
 1222 0004 0400     		.2byte	0x4
 1223 0006 00000000 		.4byte	.Ldebug_abbrev0
 1224 000a 04       		.byte	0x4
 1225 000b 01       		.uleb128 0x1
 1226 000c 24000000 		.4byte	.LASF17
 1227 0010 0C       		.byte	0xc
 1228 0011 B5010000 		.4byte	.LASF18
 1229 0015 7E010000 		.4byte	.LASF19
 1230 0019 00000000 		.4byte	.Ldebug_line0
 1231 001d 02       		.uleb128 0x2
 1232 001e 01       		.byte	0x1
 1233 001f 06       		.byte	0x6
 1234 0020 72010000 		.4byte	.LASF0
 1235 0024 03       		.uleb128 0x3
 1236 0025 00000000 		.4byte	.LASF9
 1237 0029 01       		.byte	0x1
 1238 002a 1D       		.byte	0x1d
 1239 002b 2F000000 		.4byte	0x2f
 1240 002f 02       		.uleb128 0x2
 1241 0030 01       		.byte	0x1
 1242 0031 08       		.byte	0x8
 1243 0032 16000000 		.4byte	.LASF1
 1244 0036 02       		.uleb128 0x2
 1245 0037 02       		.byte	0x2
 1246 0038 05       		.byte	0x5
 1247 0039 5F010000 		.4byte	.LASF2
 1248 003d 02       		.uleb128 0x2
 1249 003e 02       		.byte	0x2
 1250 003f 07       		.byte	0x7
ARM GAS  C:\Users\Akash\AppData\Local\Temp\ccqDVXkd.s 			page 23


 1251 0040 C4000000 		.4byte	.LASF3
 1252 0044 02       		.uleb128 0x2
 1253 0045 04       		.byte	0x4
 1254 0046 05       		.byte	0x5
 1255 0047 69010000 		.4byte	.LASF4
 1256 004b 02       		.uleb128 0x2
 1257 004c 04       		.byte	0x4
 1258 004d 07       		.byte	0x7
 1259 004e B2000000 		.4byte	.LASF5
 1260 0052 02       		.uleb128 0x2
 1261 0053 08       		.byte	0x8
 1262 0054 05       		.byte	0x5
 1263 0055 51010000 		.4byte	.LASF6
 1264 0059 02       		.uleb128 0x2
 1265 005a 08       		.byte	0x8
 1266 005b 07       		.byte	0x7
 1267 005c 06010000 		.4byte	.LASF7
 1268 0060 04       		.uleb128 0x4
 1269 0061 04       		.byte	0x4
 1270 0062 05       		.byte	0x5
 1271 0063 696E7400 		.ascii	"int\000"
 1272 0067 02       		.uleb128 0x2
 1273 0068 04       		.byte	0x4
 1274 0069 07       		.byte	0x7
 1275 006a F9000000 		.4byte	.LASF8
 1276 006e 03       		.uleb128 0x3
 1277 006f 1D010000 		.4byte	.LASF10
 1278 0073 02       		.byte	0x2
 1279 0074 18       		.byte	0x18
 1280 0075 24000000 		.4byte	0x24
 1281 0079 05       		.uleb128 0x5
 1282 007a 91000000 		.4byte	0x91
 1283 007e 8A000000 		.4byte	0x8a
 1284 0082 06       		.uleb128 0x6
 1285 0083 8A000000 		.4byte	0x8a
 1286 0087 7704     		.2byte	0x477
 1287 0089 00       		.byte	0
 1288 008a 02       		.uleb128 0x2
 1289 008b 04       		.byte	0x4
 1290 008c 07       		.byte	0x7
 1291 008d 48010000 		.4byte	.LASF11
 1292 0091 07       		.uleb128 0x7
 1293 0092 6E000000 		.4byte	0x6e
 1294 0096 08       		.uleb128 0x8
 1295 0097 E7000000 		.4byte	.LASF12
 1296 009b 03       		.byte	0x3
 1297 009c 1F       		.byte	0x1f
 1298 009d A7000000 		.4byte	0xa7
 1299 00a1 05       		.uleb128 0x5
 1300 00a2 03       		.byte	0x3
 1301 00a3 00000000 		.4byte	cy_meta_configecc
 1302 00a7 07       		.uleb128 0x7
 1303 00a8 79000000 		.4byte	0x79
 1304 00ac 05       		.uleb128 0x5
 1305 00ad 91000000 		.4byte	0x91
 1306 00b1 BC000000 		.4byte	0xbc
 1307 00b5 09       		.uleb128 0x9
ARM GAS  C:\Users\Akash\AppData\Local\Temp\ccqDVXkd.s 			page 24


 1308 00b6 8A000000 		.4byte	0x8a
 1309 00ba 03       		.byte	0x3
 1310 00bb 00       		.byte	0
 1311 00bc 08       		.uleb128 0x8
 1312 00bd D7000000 		.4byte	.LASF13
 1313 00c1 03       		.byte	0x3
 1314 00c2 BB       		.byte	0xbb
 1315 00c3 CD000000 		.4byte	0xcd
 1316 00c7 05       		.uleb128 0x5
 1317 00c8 03       		.byte	0x3
 1318 00c9 00000000 		.4byte	cy_meta_custnvl
 1319 00cd 07       		.uleb128 0x7
 1320 00ce AC000000 		.4byte	0xac
 1321 00d2 08       		.uleb128 0x8
 1322 00d3 3A010000 		.4byte	.LASF14
 1323 00d7 03       		.byte	0x3
 1324 00d8 C9       		.byte	0xc9
 1325 00d9 E3000000 		.4byte	0xe3
 1326 00dd 05       		.uleb128 0x5
 1327 00de 03       		.byte	0x3
 1328 00df 00000000 		.4byte	cy_meta_wonvl
 1329 00e3 07       		.uleb128 0x7
 1330 00e4 AC000000 		.4byte	0xac
 1331 00e8 05       		.uleb128 0x5
 1332 00e9 91000000 		.4byte	0x91
 1333 00ed F8000000 		.4byte	0xf8
 1334 00f1 09       		.uleb128 0x9
 1335 00f2 8A000000 		.4byte	0x8a
 1336 00f6 FF       		.byte	0xff
 1337 00f7 00       		.byte	0
 1338 00f8 08       		.uleb128 0x8
 1339 00f9 25010000 		.4byte	.LASF15
 1340 00fd 03       		.byte	0x3
 1341 00fe D7       		.byte	0xd7
 1342 00ff 09010000 		.4byte	0x109
 1343 0103 05       		.uleb128 0x5
 1344 0104 03       		.byte	0x3
 1345 0105 00000000 		.4byte	cy_meta_flashprotect
 1346 0109 07       		.uleb128 0x7
 1347 010a E8000000 		.4byte	0xe8
 1348 010e 05       		.uleb128 0x5
 1349 010f 91000000 		.4byte	0x91
 1350 0113 1E010000 		.4byte	0x11e
 1351 0117 09       		.uleb128 0x9
 1352 0118 8A000000 		.4byte	0x8a
 1353 011c 0B       		.byte	0xb
 1354 011d 00       		.byte	0
 1355 011e 0A       		.uleb128 0xa
 1356 011f 0A000000 		.4byte	.LASF16
 1357 0123 03       		.byte	0x3
 1358 0124 0401     		.2byte	0x104
 1359 0126 30010000 		.4byte	0x130
 1360 012a 05       		.uleb128 0x5
 1361 012b 03       		.byte	0x3
 1362 012c 00000000 		.4byte	cy_metadata
 1363 0130 07       		.uleb128 0x7
 1364 0131 0E010000 		.4byte	0x10e
ARM GAS  C:\Users\Akash\AppData\Local\Temp\ccqDVXkd.s 			page 25


 1365 0135 00       		.byte	0
 1366              		.section	.debug_abbrev,"",%progbits
 1367              	.Ldebug_abbrev0:
 1368 0000 01       		.uleb128 0x1
 1369 0001 11       		.uleb128 0x11
 1370 0002 01       		.byte	0x1
 1371 0003 25       		.uleb128 0x25
 1372 0004 0E       		.uleb128 0xe
 1373 0005 13       		.uleb128 0x13
 1374 0006 0B       		.uleb128 0xb
 1375 0007 03       		.uleb128 0x3
 1376 0008 0E       		.uleb128 0xe
 1377 0009 1B       		.uleb128 0x1b
 1378 000a 0E       		.uleb128 0xe
 1379 000b 10       		.uleb128 0x10
 1380 000c 17       		.uleb128 0x17
 1381 000d 00       		.byte	0
 1382 000e 00       		.byte	0
 1383 000f 02       		.uleb128 0x2
 1384 0010 24       		.uleb128 0x24
 1385 0011 00       		.byte	0
 1386 0012 0B       		.uleb128 0xb
 1387 0013 0B       		.uleb128 0xb
 1388 0014 3E       		.uleb128 0x3e
 1389 0015 0B       		.uleb128 0xb
 1390 0016 03       		.uleb128 0x3
 1391 0017 0E       		.uleb128 0xe
 1392 0018 00       		.byte	0
 1393 0019 00       		.byte	0
 1394 001a 03       		.uleb128 0x3
 1395 001b 16       		.uleb128 0x16
 1396 001c 00       		.byte	0
 1397 001d 03       		.uleb128 0x3
 1398 001e 0E       		.uleb128 0xe
 1399 001f 3A       		.uleb128 0x3a
 1400 0020 0B       		.uleb128 0xb
 1401 0021 3B       		.uleb128 0x3b
 1402 0022 0B       		.uleb128 0xb
 1403 0023 49       		.uleb128 0x49
 1404 0024 13       		.uleb128 0x13
 1405 0025 00       		.byte	0
 1406 0026 00       		.byte	0
 1407 0027 04       		.uleb128 0x4
 1408 0028 24       		.uleb128 0x24
 1409 0029 00       		.byte	0
 1410 002a 0B       		.uleb128 0xb
 1411 002b 0B       		.uleb128 0xb
 1412 002c 3E       		.uleb128 0x3e
 1413 002d 0B       		.uleb128 0xb
 1414 002e 03       		.uleb128 0x3
 1415 002f 08       		.uleb128 0x8
 1416 0030 00       		.byte	0
 1417 0031 00       		.byte	0
 1418 0032 05       		.uleb128 0x5
 1419 0033 01       		.uleb128 0x1
 1420 0034 01       		.byte	0x1
 1421 0035 49       		.uleb128 0x49
ARM GAS  C:\Users\Akash\AppData\Local\Temp\ccqDVXkd.s 			page 26


 1422 0036 13       		.uleb128 0x13
 1423 0037 01       		.uleb128 0x1
 1424 0038 13       		.uleb128 0x13
 1425 0039 00       		.byte	0
 1426 003a 00       		.byte	0
 1427 003b 06       		.uleb128 0x6
 1428 003c 21       		.uleb128 0x21
 1429 003d 00       		.byte	0
 1430 003e 49       		.uleb128 0x49
 1431 003f 13       		.uleb128 0x13
 1432 0040 2F       		.uleb128 0x2f
 1433 0041 05       		.uleb128 0x5
 1434 0042 00       		.byte	0
 1435 0043 00       		.byte	0
 1436 0044 07       		.uleb128 0x7
 1437 0045 26       		.uleb128 0x26
 1438 0046 00       		.byte	0
 1439 0047 49       		.uleb128 0x49
 1440 0048 13       		.uleb128 0x13
 1441 0049 00       		.byte	0
 1442 004a 00       		.byte	0
 1443 004b 08       		.uleb128 0x8
 1444 004c 34       		.uleb128 0x34
 1445 004d 00       		.byte	0
 1446 004e 03       		.uleb128 0x3
 1447 004f 0E       		.uleb128 0xe
 1448 0050 3A       		.uleb128 0x3a
 1449 0051 0B       		.uleb128 0xb
 1450 0052 3B       		.uleb128 0x3b
 1451 0053 0B       		.uleb128 0xb
 1452 0054 49       		.uleb128 0x49
 1453 0055 13       		.uleb128 0x13
 1454 0056 3F       		.uleb128 0x3f
 1455 0057 19       		.uleb128 0x19
 1456 0058 02       		.uleb128 0x2
 1457 0059 18       		.uleb128 0x18
 1458 005a 00       		.byte	0
 1459 005b 00       		.byte	0
 1460 005c 09       		.uleb128 0x9
 1461 005d 21       		.uleb128 0x21
 1462 005e 00       		.byte	0
 1463 005f 49       		.uleb128 0x49
 1464 0060 13       		.uleb128 0x13
 1465 0061 2F       		.uleb128 0x2f
 1466 0062 0B       		.uleb128 0xb
 1467 0063 00       		.byte	0
 1468 0064 00       		.byte	0
 1469 0065 0A       		.uleb128 0xa
 1470 0066 34       		.uleb128 0x34
 1471 0067 00       		.byte	0
 1472 0068 03       		.uleb128 0x3
 1473 0069 0E       		.uleb128 0xe
 1474 006a 3A       		.uleb128 0x3a
 1475 006b 0B       		.uleb128 0xb
 1476 006c 3B       		.uleb128 0x3b
 1477 006d 05       		.uleb128 0x5
 1478 006e 49       		.uleb128 0x49
ARM GAS  C:\Users\Akash\AppData\Local\Temp\ccqDVXkd.s 			page 27


 1479 006f 13       		.uleb128 0x13
 1480 0070 3F       		.uleb128 0x3f
 1481 0071 19       		.uleb128 0x19
 1482 0072 02       		.uleb128 0x2
 1483 0073 18       		.uleb128 0x18
 1484 0074 00       		.byte	0
 1485 0075 00       		.byte	0
 1486 0076 00       		.byte	0
 1487              		.section	.debug_aranges,"",%progbits
 1488 0000 14000000 		.4byte	0x14
 1489 0004 0200     		.2byte	0x2
 1490 0006 00000000 		.4byte	.Ldebug_info0
 1491 000a 04       		.byte	0x4
 1492 000b 00       		.byte	0
 1493 000c 0000     		.2byte	0
 1494 000e 0000     		.2byte	0
 1495 0010 00000000 		.4byte	0
 1496 0014 00000000 		.4byte	0
 1497              		.section	.debug_line,"",%progbits
 1498              	.Ldebug_line0:
 1499 0000 3D010000 		.section	.debug_str,"MS",%progbits,1
 1499      02003701 
 1499      00000201 
 1499      FB0E0D00 
 1499      01010101 
 1500              	.LASF9:
 1501 0000 5F5F7569 		.ascii	"__uint8_t\000"
 1501      6E74385F 
 1501      7400
 1502              	.LASF16:
 1503 000a 63795F6D 		.ascii	"cy_metadata\000"
 1503      65746164 
 1503      61746100 
 1504              	.LASF1:
 1505 0016 756E7369 		.ascii	"unsigned char\000"
 1505      676E6564 
 1505      20636861 
 1505      7200
 1506              	.LASF17:
 1507 0024 474E5520 		.ascii	"GNU C11 5.4.1 20160609 (release) [ARM/embedded-5-br"
 1507      43313120 
 1507      352E342E 
 1507      31203230 
 1507      31363036 
 1508 0057 616E6368 		.ascii	"anch revision 237715] -mcpu=cortex-m3 -mthumb -g -O"
 1508      20726576 
 1508      6973696F 
 1508      6E203233 
 1508      37373135 
 1509 008a 67202D66 		.ascii	"g -ffunction-sections -ffat-lto-objects\000"
 1509      66756E63 
 1509      74696F6E 
 1509      2D736563 
 1509      74696F6E 
 1510              	.LASF5:
 1511 00b2 6C6F6E67 		.ascii	"long unsigned int\000"
 1511      20756E73 
ARM GAS  C:\Users\Akash\AppData\Local\Temp\ccqDVXkd.s 			page 28


 1511      69676E65 
 1511      6420696E 
 1511      7400
 1512              	.LASF3:
 1513 00c4 73686F72 		.ascii	"short unsigned int\000"
 1513      7420756E 
 1513      7369676E 
 1513      65642069 
 1513      6E7400
 1514              	.LASF13:
 1515 00d7 63795F6D 		.ascii	"cy_meta_custnvl\000"
 1515      6574615F 
 1515      63757374 
 1515      6E766C00 
 1516              	.LASF12:
 1517 00e7 63795F6D 		.ascii	"cy_meta_configecc\000"
 1517      6574615F 
 1517      636F6E66 
 1517      69676563 
 1517      6300
 1518              	.LASF8:
 1519 00f9 756E7369 		.ascii	"unsigned int\000"
 1519      676E6564 
 1519      20696E74 
 1519      00
 1520              	.LASF7:
 1521 0106 6C6F6E67 		.ascii	"long long unsigned int\000"
 1521      206C6F6E 
 1521      6720756E 
 1521      7369676E 
 1521      65642069 
 1522              	.LASF10:
 1523 011d 75696E74 		.ascii	"uint8_t\000"
 1523      385F7400 
 1524              	.LASF15:
 1525 0125 63795F6D 		.ascii	"cy_meta_flashprotect\000"
 1525      6574615F 
 1525      666C6173 
 1525      6870726F 
 1525      74656374 
 1526              	.LASF14:
 1527 013a 63795F6D 		.ascii	"cy_meta_wonvl\000"
 1527      6574615F 
 1527      776F6E76 
 1527      6C00
 1528              	.LASF11:
 1529 0148 73697A65 		.ascii	"sizetype\000"
 1529      74797065 
 1529      00
 1530              	.LASF6:
 1531 0151 6C6F6E67 		.ascii	"long long int\000"
 1531      206C6F6E 
 1531      6720696E 
 1531      7400
 1532              	.LASF2:
 1533 015f 73686F72 		.ascii	"short int\000"
 1533      7420696E 
ARM GAS  C:\Users\Akash\AppData\Local\Temp\ccqDVXkd.s 			page 29


 1533      7400
 1534              	.LASF4:
 1535 0169 6C6F6E67 		.ascii	"long int\000"
 1535      20696E74 
 1535      00
 1536              	.LASF0:
 1537 0172 7369676E 		.ascii	"signed char\000"
 1537      65642063 
 1537      68617200 
 1538              	.LASF19:
 1539 017e 433A5C55 		.ascii	"C:\\Users\\Akash\\Downloads\\Group_5_Project\\proje"
 1539      73657273 
 1539      5C416B61 
 1539      73685C44 
 1539      6F776E6C 
 1540 01ac 63742E63 		.ascii	"ct.cydsn\000"
 1540      7964736E 
 1540      00
 1541              	.LASF18:
 1542 01b5 47656E65 		.ascii	"Generated_Source\\PSoC5\\cymetadata.c\000"
 1542      72617465 
 1542      645F536F 
 1542      75726365 
 1542      5C50536F 
 1543              		.ident	"GCC: (GNU Tools for ARM Embedded Processors) 5.4.1 20160609 (release) [ARM/embedded-5-bran
